<?xml version="1.0" encoding="UTF-8"?>
<testng-results skipped="0" failed="0" ignored="3" total="7" passed="4">
  <reporter-output>
  </reporter-output>
  <suite name="All Test Suite" duration-ms="33659" started-at="2022-02-21T21:25:21 IST" finished-at="2022-02-21T21:25:55 IST">
    <groups>
    </groups>
    <test name="MyDemoWebShop Functional Test" duration-ms="33659" started-at="2022-02-21T21:25:21 IST" finished-at="2022-02-21T21:25:55 IST">
      <class name="org.demoWebShop.testscripts.RegisterPageTest">
        <test-method status="PASS" signature="setUp(java.lang.String)[pri:0, instance:org.demoWebShop.testscripts.RegisterPageTest@3f200884]" name="setUp" is-config="true" duration-ms="4698" started-at="2022-02-21T21:25:38 IST" finished-at="2022-02-21T21:25:43 IST">
          <params>
            <param index="0">
              <value>
                <![CDATA[Chrome]]>
              </value>
            </param>
          </params>
          <reporter-output>
          </reporter-output>
        </test-method> <!-- setUp -->
        <test-method status="PASS" signature="verifyRegistration()[pri:1, instance:org.demoWebShop.testscripts.RegisterPageTest@3f200884]" name="verifyRegistration" duration-ms="2161" started-at="2022-02-21T21:25:43 IST" description="TC_001_Verification of user registration" finished-at="2022-02-21T21:25:45 IST">
          <reporter-output>
          </reporter-output>
        </test-method> <!-- verifyRegistration -->
        <test-method status="PASS" signature="tearDown(org.testng.ITestResult)[pri:0, instance:org.demoWebShop.testscripts.RegisterPageTest@3f200884]" name="tearDown" is-config="true" duration-ms="53" started-at="2022-02-21T21:25:45 IST" finished-at="2022-02-21T21:25:45 IST">
          <params>
            <param index="0">
              <value>
                <![CDATA[[TestResult name=verifyRegistration status=SUCCESS method=RegisterPageTest.verifyRegistration()[pri:1, instance:org.demoWebShop.testscripts.RegisterPageTest@3f200884] output={null}]]]>
              </value>
            </param>
          </params>
          <reporter-output>
          </reporter-output>
        </test-method> <!-- tearDown -->
      </class> <!-- org.demoWebShop.testscripts.RegisterPageTest -->
      <class name="org.demoWebShop.testscripts.HomePageTest">
        <test-method status="PASS" signature="setExtent(org.testng.ITestContext)[pri:0, instance:org.demoWebShop.testscripts.HomePageTest@3d36e4cd]" name="setExtent" is-config="true" duration-ms="16" started-at="2022-02-21T21:25:21 IST" finished-at="2022-02-21T21:25:21 IST">
          <params>
            <param index="0">
              <value>
                <![CDATA[org.testng.TestRunner@5f631ca0]]>
              </value>
            </param>
          </params>
          <reporter-output>
          </reporter-output>
        </test-method> <!-- setExtent -->
        <test-method status="PASS" signature="setUp(java.lang.String)[pri:0, instance:org.demoWebShop.testscripts.HomePageTest@3d36e4cd]" name="setUp" is-config="true" duration-ms="7829" started-at="2022-02-21T21:25:21 IST" finished-at="2022-02-21T21:25:29 IST">
          <params>
            <param index="0">
              <value>
                <![CDATA[Chrome]]>
              </value>
            </param>
          </params>
          <reporter-output>
          </reporter-output>
        </test-method> <!-- setUp -->
        <test-method status="PASS" signature="verifyHomePageTitle()[pri:1, instance:org.demoWebShop.testscripts.HomePageTest@3d36e4cd]" name="verifyHomePageTitle" duration-ms="599" started-at="2022-02-21T21:25:29 IST" description="TC_001_Verification of home page title" finished-at="2022-02-21T21:25:29 IST">
          <reporter-output>
          </reporter-output>
        </test-method> <!-- verifyHomePageTitle -->
        <test-method status="PASS" signature="tearDown(org.testng.ITestResult)[pri:0, instance:org.demoWebShop.testscripts.HomePageTest@3d36e4cd]" name="tearDown" is-config="true" duration-ms="88" started-at="2022-02-21T21:25:29 IST" finished-at="2022-02-21T21:25:30 IST">
          <params>
            <param index="0">
              <value>
                <![CDATA[[TestResult name=verifyHomePageTitle status=SUCCESS method=HomePageTest.verifyHomePageTitle()[pri:1, instance:org.demoWebShop.testscripts.HomePageTest@3d36e4cd] output={null}]]]>
              </value>
            </param>
          </params>
          <reporter-output>
          </reporter-output>
        </test-method> <!-- tearDown -->
      </class> <!-- org.demoWebShop.testscripts.HomePageTest -->
      <class name="org.demoWebShop.testscripts.LoginPageTest">
        <test-method status="PASS" signature="setUp(java.lang.String)[pri:0, instance:org.demoWebShop.testscripts.LoginPageTest@69b794e2]" name="setUp" is-config="true" duration-ms="6753" started-at="2022-02-21T21:25:30 IST" finished-at="2022-02-21T21:25:36 IST">
          <params>
            <param index="0">
              <value>
                <![CDATA[Chrome]]>
              </value>
            </param>
          </params>
          <reporter-output>
          </reporter-output>
        </test-method> <!-- setUp -->
        <test-method status="PASS" signature="verifyValidLogin()[pri:1, instance:org.demoWebShop.testscripts.LoginPageTest@69b794e2]" name="verifyValidLogin" duration-ms="1682" started-at="2022-02-21T21:25:36 IST" description="TC_002_Verification of user login " finished-at="2022-02-21T21:25:38 IST">
          <reporter-output>
          </reporter-output>
        </test-method> <!-- verifyValidLogin -->
        <test-method status="PASS" signature="tearDown(org.testng.ITestResult)[pri:0, instance:org.demoWebShop.testscripts.LoginPageTest@69b794e2]" name="tearDown" is-config="true" duration-ms="51" started-at="2022-02-21T21:25:38 IST" finished-at="2022-02-21T21:25:38 IST">
          <params>
            <param index="0">
              <value>
                <![CDATA[[TestResult name=verifyValidLogin status=SUCCESS method=LoginPageTest.verifyValidLogin()[pri:1, instance:org.demoWebShop.testscripts.LoginPageTest@69b794e2] output={null}]]]>
              </value>
            </param>
          </params>
          <reporter-output>
          </reporter-output>
        </test-method> <!-- tearDown -->
      </class> <!-- org.demoWebShop.testscripts.LoginPageTest -->
      <class name="org.demoWebShop.testscripts.ShoppingCartTest">
        <test-method status="PASS" signature="setUp(java.lang.String)[pri:0, instance:org.demoWebShop.testscripts.ShoppingCartTest@58134517]" name="setUp" is-config="true" duration-ms="5195" started-at="2022-02-21T21:25:45 IST" finished-at="2022-02-21T21:25:50 IST">
          <params>
            <param index="0">
              <value>
                <![CDATA[Chrome]]>
              </value>
            </param>
          </params>
          <reporter-output>
          </reporter-output>
        </test-method> <!-- setUp -->
        <test-method status="PASS" signature="verifyProductAddedInShoppingCart()[pri:1, instance:org.demoWebShop.testscripts.ShoppingCartTest@58134517]" name="verifyProductAddedInShoppingCart" duration-ms="4459" started-at="2022-02-21T21:25:50 IST" finished-at="2022-02-21T21:25:55 IST">
          <reporter-output>
          </reporter-output>
        </test-method> <!-- verifyProductAddedInShoppingCart -->
        <test-method status="PASS" signature="tearDown(org.testng.ITestResult)[pri:0, instance:org.demoWebShop.testscripts.ShoppingCartTest@58134517]" name="tearDown" is-config="true" duration-ms="53" started-at="2022-02-21T21:25:55 IST" finished-at="2022-02-21T21:25:55 IST">
          <params>
            <param index="0">
              <value>
                <![CDATA[[TestResult name=verifyProductAddedInShoppingCart status=SUCCESS method=ShoppingCartTest.verifyProductAddedInShoppingCart()[pri:1, instance:org.demoWebShop.testscripts.ShoppingCartTest@58134517] output={null}]]]>
              </value>
            </param>
          </params>
          <reporter-output>
          </reporter-output>
        </test-method> <!-- tearDown -->
      </class> <!-- org.demoWebShop.testscripts.ShoppingCartTest -->
    </test> <!-- MyDemoWebShop Functional Test -->
  </suite> <!-- All Test Suite -->
</testng-results>
