<?xml version="1.0" encoding="UTF-8"?>
<!-- Generated by org.testng.reporters.JUnitXMLReporter -->
<testsuite hostname="DESKTOP-CCA9L3B" ignored="3" name="MyDemoWebShop Functional Test" tests="4" failures="0" timestamp="2022-02-21T21:25:55 IST" time="33.659" errors="0">
  <testcase name="verifyHomePageTitle" time="0.599" classname="org.demoWebShop.testscripts.HomePageTest"/>
  <testcase name="verifyValidLogin" time="1.682" classname="org.demoWebShop.testscripts.LoginPageTest"/>
  <testcase name="verifyRegistration" time="2.161" classname="org.demoWebShop.testscripts.RegisterPageTest"/>
  <testcase name="verifyProductAddedInShoppingCart" time="4.459" classname="org.demoWebShop.testscripts.ShoppingCartTest"/>
  <testcase name="@BeforeSuite setExtent" time="0.0" classname="org.demoWebShop.automationCore.Base">
    <ignored/>
  </testcase> <!-- @BeforeSuite setExtent -->
  <testcase name="@BeforeSuite setExtent" time="0.0" classname="org.demoWebShop.automationCore.Base">
    <ignored/>
  </testcase> <!-- @BeforeSuite setExtent -->
  <testcase name="@BeforeSuite setExtent" time="0.0" classname="org.demoWebShop.automationCore.Base">
    <ignored/>
  </testcase> <!-- @BeforeSuite setExtent -->
</testsuite> <!-- MyDemoWebShop Functional Test -->
